[2024/12/18 11:13:48.612] - Starting server with initial configuration: {"gasLimit":6721975,"gasPrice":20000000000,"hardfork":"merge","hostname":"127.0.0.1","port":8545,"network_id":5777,"default_balance_ether":100,"total_accounts":10,"unlocked_accounts":[],"locked":false,"vmErrorsOnRPCResponse":true,"verbose":false,"flavor":"ethereum","db_path":"C:\\Users\\hp\\AppData\\Roaming\\Ganache\\ui\\workspaces\\vulgar-pest\\chaindata","mnemonic":"urge resemble impose often spend faith biology boost asset bright grab acoustic","logDirectory":"C:\\Users\\hp\\truffle-project"}
[2024/12/18 11:13:49.278] - eth_getCode
[2024/12/18 11:13:49.319] - eth_subscribe
[2024/12/18 11:13:49.321] - eth_getLogs
[2024/12/18 11:13:49.323] - eth_subscribe
[2024/12/18 11:13:49.362] - eth_getCode
[2024/12/18 11:13:49.568] - eth_getCode
[2024/12/18 11:13:49.572] - eth_subscribe
[2024/12/18 11:13:49.575] - eth_getLogs
[2024/12/18 11:13:49.579] - eth_subscribe
[2024/12/18 11:13:49.626] - eth_getCode
[2024/12/18 11:13:49.744] - eth_subscribe
[2024/12/18 11:13:49.753] - eth_getBlockByNumber
[2024/12/18 11:13:49.757] - eth_subscribe
[2024/12/18 11:13:49.761] - eth_blockNumber
[2024/12/18 11:13:49.764] - eth_accounts
[2024/12/18 11:13:49.797] - eth_gasPrice
[2024/12/18 11:13:49.800] - eth_getBlockByNumber
[2024/12/18 11:13:49.803] - eth_blockNumber
[2024/12/18 11:13:49.806] - eth_accounts
[2024/12/18 11:13:49.808] - eth_gasPrice
[2024/12/18 11:13:49.918] - eth_getBalance
[2024/12/18 11:13:49.930] - eth_getTransactionCount
[2024/12/18 11:13:49.937] - eth_getBalance
[2024/12/18 11:13:49.943] - eth_getTransactionCount
[2024/12/18 11:13:49.949] - eth_getBalance
[2024/12/18 11:13:49.955] - eth_getTransactionCount
[2024/12/18 11:13:49.965] - eth_getBalance
[2024/12/18 11:13:49.973] - eth_getTransactionCount
[2024/12/18 11:13:49.980] - eth_getBalance
[2024/12/18 11:13:49.988] - eth_getTransactionCount
[2024/12/18 11:13:50.001] - eth_getBalance
[2024/12/18 11:13:50.006] - eth_getTransactionCount
[2024/12/18 11:13:50.012] - eth_getBalance
[2024/12/18 11:13:50.018] - eth_getTransactionCount
[2024/12/18 11:13:50.024] - eth_getBalance
[2024/12/18 11:13:50.029] - eth_getTransactionCount
[2024/12/18 11:13:50.038] - eth_getBalance
[2024/12/18 11:13:50.044] - eth_getTransactionCount
[2024/12/18 11:13:50.052] - eth_getBalance
[2024/12/18 11:13:50.062] - eth_getTransactionCount
[2024/12/18 11:13:50.070] - eth_getBalance
[2024/12/18 11:13:50.078] - eth_getTransactionCount
[2024/12/18 11:13:50.087] - eth_getBalance
[2024/12/18 11:13:50.092] - eth_getTransactionCount
[2024/12/18 11:13:50.098] - eth_getBalance
[2024/12/18 11:13:50.103] - eth_getTransactionCount
[2024/12/18 11:13:50.109] - eth_getBalance
[2024/12/18 11:13:50.116] - eth_getTransactionCount
[2024/12/18 11:13:50.126] - eth_getBalance
[2024/12/18 11:13:50.134] - eth_getTransactionCount
[2024/12/18 11:13:50.146] - eth_getBalance
[2024/12/18 11:13:50.152] - eth_getTransactionCount
[2024/12/18 11:13:50.159] - eth_getBalance
[2024/12/18 11:13:50.166] - eth_getTransactionCount
[2024/12/18 11:13:50.172] - eth_getBalance
[2024/12/18 11:13:50.179] - eth_getTransactionCount
[2024/12/18 11:13:50.184] - eth_getBalance
[2024/12/18 11:13:50.193] - eth_getTransactionCount
[2024/12/18 11:13:50.199] - eth_getBalance
[2024/12/18 11:13:50.202] - eth_getTransactionCount
[2024/12/18 11:13:50.374] - eth_getBalance
[2024/12/18 11:13:50.380] - eth_getTransactionCount
[2024/12/18 11:13:50.390] - eth_getBalance
[2024/12/18 11:13:50.397] - eth_getTransactionCount
[2024/12/18 11:13:50.402] - eth_getBalance
[2024/12/18 11:13:50.409] - eth_getTransactionCount
[2024/12/18 11:13:50.416] - eth_getBalance
[2024/12/18 11:13:50.420] - eth_getTransactionCount
[2024/12/18 11:13:50.424] - eth_getBalance
[2024/12/18 11:13:50.439] - eth_getTransactionCount
[2024/12/18 11:13:50.440] - eth_getBalance
[2024/12/18 11:13:50.441] - eth_getTransactionCount
[2024/12/18 11:13:50.444] - eth_getBalance
[2024/12/18 11:13:50.449] - eth_getTransactionCount
[2024/12/18 11:13:50.455] - eth_getBalance
[2024/12/18 11:13:50.466] - eth_getTransactionCount
[2024/12/18 11:13:50.471] - eth_getBalance
[2024/12/18 11:13:50.477] - eth_getTransactionCount
[2024/12/18 11:13:50.482] - eth_getBalance
[2024/12/18 11:13:50.487] - eth_getTransactionCount
[2024/12/18 11:13:50.527] - eth_getTransactionCount
[2024/12/18 11:13:50.533] - eth_getBalance
[2024/12/18 11:13:50.539] - eth_getTransactionCount
[2024/12/18 11:13:50.545] - eth_getBalance
[2024/12/18 11:13:50.551] - eth_getTransactionCount
[2024/12/18 11:13:50.558] - eth_getBalance
[2024/12/18 11:13:50.566] - eth_getTransactionCount
[2024/12/18 11:13:50.577] - eth_getBalance
[2024/12/18 11:13:50.584] - eth_getTransactionCount
[2024/12/18 11:13:50.589] - eth_getBalance
[2024/12/18 11:13:50.595] - eth_getTransactionCount
[2024/12/18 11:13:50.601] - eth_getBalance
[2024/12/18 11:13:50.606] - eth_getTransactionCount
[2024/12/18 11:13:50.612] - eth_getBalance
[2024/12/18 11:13:50.618] - eth_getTransactionCount
[2024/12/18 11:13:50.623] - eth_getBalance
[2024/12/18 11:13:50.629] - eth_getTransactionCount
[2024/12/18 11:13:50.636] - eth_getBalance
[2024/12/18 11:13:50.644] - eth_getTransactionCount
[2024/12/18 11:20:16.545] - eth_getBlockByNumber
[2024/12/18 11:20:16.567] - eth_getBlockTransactionCountByHash
[2024/12/18 11:20:16.597] - eth_getBlockByNumber
[2024/12/18 11:20:16.618] - eth_getBlockTransactionCountByHash
[2024/12/18 11:20:16.638] - eth_getBlockByNumber
[2024/12/18 11:20:16.662] - eth_getBlockTransactionCountByHash
[2024/12/18 11:20:16.685] - eth_getBlockByNumber
[2024/12/18 11:20:16.706] - eth_getBlockTransactionCountByHash
[2024/12/18 11:20:16.727] - eth_getBlockByNumber
[2024/12/18 11:20:16.747] - eth_getBlockTransactionCountByHash
[2024/12/18 11:20:16.770] - eth_getBlockByNumber
[2024/12/18 11:20:16.800] - eth_getBlockTransactionCountByHash
[2024/12/18 11:20:16.861] - eth_getBlockByNumber
[2024/12/18 11:20:16.893] - eth_getBlockTransactionCountByHash
[2024/12/18 11:20:16.912] - eth_getBlockByNumber
[2024/12/18 11:20:16.924] - eth_getBlockTransactionCountByHash
[2024/12/18 11:20:16.938] - eth_getBlockByNumber
[2024/12/18 11:20:16.949] - eth_getBlockTransactionCountByHash
[2024/12/18 11:20:16.963] - eth_getBlockByNumber
[2024/12/18 11:20:16.974] - eth_getBlockTransactionCountByHash
[2024/12/18 11:20:16.990] - eth_getBlockByNumber
[2024/12/18 11:20:17.004] - eth_getBlockTransactionCountByHash
[2024/12/18 11:20:17.021] - eth_getBlockByNumber
[2024/12/18 11:20:17.035] - eth_getBlockTransactionCountByHash
[2024/12/18 11:20:17.049] - eth_getBlockByNumber
[2024/12/18 11:20:17.064] - eth_getBlockTransactionCountByHash
[2024/12/18 11:20:17.080] - eth_getBlockByNumber
[2024/12/18 11:20:17.096] - eth_getBlockTransactionCountByHash
[2024/12/18 11:20:17.113] - eth_getBlockByNumber
[2024/12/18 11:20:17.137] - eth_getBlockTransactionCountByHash
[2024/12/18 11:20:17.149] - eth_getBlockByNumber
[2024/12/18 11:20:17.165] - eth_getBlockTransactionCountByHash
[2024/12/18 11:20:38.722] - eth_getBlockByNumber
[2024/12/18 11:20:38.760] - eth_getTransactionReceipt
[2024/12/18 11:20:38.791] - eth_getBlockByNumber
[2024/12/18 11:20:38.809] - eth_getTransactionReceipt
[2024/12/18 11:20:38.833] - eth_getBlockByNumber
[2024/12/18 11:20:38.854] - eth_getTransactionReceipt
[2024/12/18 11:20:38.878] - eth_getBlockByNumber
[2024/12/18 11:20:38.900] - eth_getTransactionReceipt
[2024/12/18 11:20:38.924] - eth_getBlockByNumber
[2024/12/18 11:20:38.945] - eth_getTransactionReceipt
[2024/12/18 11:20:38.967] - eth_getBlockByNumber
[2024/12/18 11:20:38.981] - eth_getTransactionReceipt
[2024/12/18 11:20:38.999] - eth_getBlockByNumber
[2024/12/18 11:20:39.014] - eth_getTransactionReceipt
[2024/12/18 11:20:39.030] - eth_getBlockByNumber
[2024/12/18 11:20:39.045] - eth_getTransactionReceipt
[2024/12/18 11:20:39.063] - eth_getBlockByNumber
[2024/12/18 11:20:39.078] - eth_getTransactionReceipt
[2024/12/18 11:20:39.092] - eth_getBlockByNumber
[2024/12/18 11:20:39.105] - eth_getTransactionReceipt
[2024/12/18 11:20:39.121] - eth_getBlockByNumber
[2024/12/18 11:20:39.161] - eth_getTransactionReceipt
[2024/12/18 11:26:32.500] - eth_getBalance
[2024/12/18 11:26:32.685] - eth_getTransactionByHash
[2024/12/18 11:26:32.814] - eth_getTransactionReceipt
[2024/12/18 11:26:33.044] - net_version
[2024/12/18 11:26:33.082] - eth_getCode
[2024/12/18 11:26:33.112] - eth_getBlockByNumber
[2024/12/18 11:26:33.140] - eth_getBalance
[2024/12/18 11:26:33.165] - eth_getTransactionCount
[2024/12/18 11:26:33.244] - eth_getStorageAt
[2024/12/18 11:26:33.292] - eth_getStorageAt
[2024/12/18 11:26:38.787] - eth_getLogs
[2024/12/18 11:26:38.865] - net_version
[2024/12/18 11:26:38.874] - eth_getCode
[2024/12/18 11:26:38.931] - net_version
[2024/12/18 11:26:38.944] - eth_getCode
[2024/12/18 11:26:39.100] - net_version
[2024/12/18 11:26:39.122] - eth_getCode
[2024/12/18 11:26:39.238] - net_version
[2024/12/18 11:26:39.267] - eth_getCode
[2024/12/18 11:26:39.389] - net_version
[2024/12/18 11:26:39.422] - eth_getCode
[2024/12/18 11:26:39.566] - net_version
[2024/12/18 11:26:39.593] - eth_getCode
[2024/12/18 11:26:39.699] - net_version
[2024/12/18 11:26:39.722] - eth_getCode
[2024/12/18 11:26:39.836] - net_version
[2024/12/18 11:26:39.860] - eth_getCode
[2024/12/18 11:26:40.032] - net_version
[2024/12/18 11:26:40.056] - eth_getCode
[2024/12/18 11:26:40.151] - net_version
[2024/12/18 11:26:40.172] - eth_getCode
[2024/12/18 11:26:40.290] - net_version
[2024/12/18 11:26:40.318] - eth_getCode
[2024/12/18 11:28:39.805] - eth_getBlockByNumber
[2024/12/18 11:28:39.855] - eth_getBlockTransactionCountByHash
[2024/12/18 11:28:39.916] - eth_getBlockByNumber
[2024/12/18 11:28:39.952] - eth_getBlockTransactionCountByHash
[2024/12/18 11:28:44.940] - eth_getBlockByNumber
[2024/12/18 11:29:07.463] - eth_getBlockByNumber
[2024/12/18 11:29:07.496] - eth_getTransactionReceipt
[2024/12/18 11:29:17.911] - eth_getTransactionByHash
[2024/12/18 11:31:07.942] - eth_getBlockByNumber
[2024/12/18 11:31:08.053] - eth_getTransactionReceipt
[2024/12/18 11:31:08.176] - eth_getBlockByNumber
[2024/12/18 11:31:08.259] - eth_getTransactionReceipt
[2024/12/18 11:31:08.346] - eth_getBlockByNumber
[2024/12/18 11:31:08.437] - eth_getBlockByNumber
[2024/12/18 11:31:08.499] - eth_getTransactionReceipt
[2024/12/18 11:31:08.532] - eth_getBlockByNumber
[2024/12/18 11:31:08.550] - eth_getTransactionReceipt
[2024/12/18 14:40:51.708] - net_version
[2024/12/18 14:40:51.819] - eth_blockNumber
[2024/12/18 14:40:51.821] - net_version
[2024/12/18 14:40:51.822] - net_version
[2024/12/18 14:40:52.195] - net_version
[2024/12/18 14:40:52.197] - net_version
[2024/12/18 14:40:52.208] - eth_getBlockByNumber
[2024/12/19 16:05:59.600] - eth_blockNumber
[2024/12/19 16:06:04.663] - net_version
[2024/12/19 16:06:04.775] - net_version
[2024/12/19 16:06:05.218] - net_version
[2024/12/19 16:06:05.614] - net_version
[2024/12/19 16:06:05.619] - net_version
[2024/12/19 16:06:05.676] - eth_getBlockByNumber
[2024/12/19 21:07:37.470] - eth_blockNumber
[2024/12/19 21:07:39.139] - net_version
[2024/12/19 21:07:39.258] - net_version
[2024/12/19 21:07:39.260] - net_version
[2024/12/19 21:07:39.262] - net_version
[2024/12/19 21:07:39.264] - net_version
[2024/12/19 21:07:39.266] - net_version
[2024/12/19 21:07:39.291] - net_version
[2024/12/19 21:07:39.294] - net_version
[2024/12/19 21:07:39.361] - eth_getBlockByNumber
[2024/12/20 15:40:47.096] - eth_blockNumber
[2024/12/20 15:40:48.359] - net_version
[2024/12/20 15:40:48.691] - net_version
[2024/12/20 15:40:51.883] - net_version
[2024/12/20 15:40:51.886] - net_version
[2024/12/20 15:40:51.888] - net_version
[2024/12/20 15:40:51.891] - net_version
[2024/12/20 15:40:51.893] - net_version
[2024/12/20 15:40:51.914] - net_version
[2024/12/20 15:40:51.917] - eth_getBlockByNumber
[2024/12/20 15:41:38.824] - eth_blockNumber
[2024/12/20 15:41:39.075] - net_version
[2024/12/20 15:41:39.085] - net_version
[2024/12/20 15:41:39.088] - net_version
[2024/12/20 15:41:39.102] - eth_getBlockByNumber
[2024/12/20 18:55:10.398] - net_version
[2024/12/20 18:55:10.399] - eth_blockNumber
[2024/12/20 18:55:10.408] - eth_getBlockByNumber
