[2024/12/20 19:02:33.760] - Starting server with initial configuration: {"gasLimit":6721975,"gasPrice":20000000000,"hardfork":"merge","hostname":"127.0.0.1","port":8545,"network_id":5777,"default_balance_ether":100,"total_accounts":10,"unlocked_accounts":[],"locked":false,"vmErrorsOnRPCResponse":true,"verbose":false,"flavor":"ethereum","db_path":"C:\\Users\\hp\\AppData\\Roaming\\Ganache\\ui\\workspaces\\vulgar-pest\\chaindata","mnemonic":"urge resemble impose often spend faith biology boost asset bright grab acoustic","logDirectory":"C:\\Users\\hp\\truffle-project"}
[2024/12/20 19:02:34.193] - eth_blockNumber
[2024/12/20 19:02:34.626] - eth_getBlockByNumber
[2024/12/20 19:02:34.864] - net_version
[2024/12/20 19:02:34.875] - net_version
[2024/12/20 19:02:35.108] - eth_getCode
[2024/12/20 19:02:35.118] - eth_subscribe
[2024/12/20 19:02:35.123] - eth_getLogs
[2024/12/20 19:02:35.129] - eth_subscribe
[2024/12/20 19:02:35.259] - eth_getCode
[2024/12/20 19:02:35.934] - eth_getCode
[2024/12/20 19:02:35.935] - eth_subscribe
[2024/12/20 19:02:35.938] - eth_getLogs
[2024/12/20 19:02:35.942] - eth_subscribe
[2024/12/20 19:02:35.959] - eth_getCode
[2024/12/20 19:02:36.139] - eth_blockNumber
[2024/12/20 19:02:36.140] - eth_accounts
[2024/12/20 19:02:36.142] - eth_gasPrice
[2024/12/20 19:02:36.143] - eth_getBlockByNumber
[2024/12/20 19:02:36.144] - eth_subscribe
[2024/12/20 19:02:36.146] - eth_blockNumber
[2024/12/20 19:02:36.147] - eth_accounts
[2024/12/20 19:02:36.148] - eth_gasPrice
[2024/12/20 19:02:36.149] - eth_getBlockByNumber
[2024/12/20 19:02:36.150] - eth_subscribe
[2024/12/20 19:02:36.173] - eth_accounts
[2024/12/20 19:02:36.302] - eth_getBalance
[2024/12/20 19:02:36.310] - eth_getTransactionCount
[2024/12/20 19:02:36.317] - eth_getBalance
[2024/12/20 19:02:36.323] - eth_getTransactionCount
[2024/12/20 19:02:36.331] - eth_getBalance
[2024/12/20 19:02:36.339] - eth_getTransactionCount
[2024/12/20 19:02:36.348] - eth_getBalance
[2024/12/20 19:02:36.354] - eth_getTransactionCount
[2024/12/20 19:02:36.371] - eth_getBalance
[2024/12/20 19:02:36.392] - eth_getTransactionCount
[2024/12/20 19:02:36.410] - eth_getBalance
[2024/12/20 19:02:36.418] - eth_getTransactionCount
[2024/12/20 19:02:36.427] - eth_getBalance
[2024/12/20 19:02:36.434] - eth_getTransactionCount
[2024/12/20 19:02:36.442] - eth_getBalance
[2024/12/20 19:02:36.448] - eth_getTransactionCount
[2024/12/20 19:02:36.453] - eth_getBalance
[2024/12/20 19:02:36.461] - eth_getTransactionCount
[2024/12/20 19:02:36.470] - eth_getBalance
[2024/12/20 19:02:36.477] - eth_getTransactionCount
[2024/12/20 19:02:36.490] - eth_getBalance
[2024/12/20 19:02:36.499] - eth_getTransactionCount
[2024/12/20 19:02:36.508] - eth_getBalance
[2024/12/20 19:02:36.517] - eth_getTransactionCount
[2024/12/20 19:02:36.525] - eth_getBalance
[2024/12/20 19:02:36.533] - eth_getTransactionCount
[2024/12/20 19:02:36.539] - eth_getBalance
[2024/12/20 19:02:36.544] - eth_getTransactionCount
[2024/12/20 19:02:36.550] - eth_getBalance
[2024/12/20 19:02:36.555] - eth_getTransactionCount
[2024/12/20 19:02:36.563] - eth_getBalance
[2024/12/20 19:02:36.570] - eth_getTransactionCount
[2024/12/20 19:02:36.578] - eth_getBalance
[2024/12/20 19:02:36.585] - eth_getTransactionCount
[2024/12/20 19:02:36.594] - eth_getBalance
[2024/12/20 19:02:36.602] - eth_getTransactionCount
[2024/12/20 19:02:36.610] - eth_getBalance
[2024/12/20 19:02:36.614] - eth_getTransactionCount
[2024/12/20 19:02:36.621] - eth_getBalance
[2024/12/20 19:02:36.626] - eth_getTransactionCount
[2024/12/20 19:02:36.634] - eth_getBalance
[2024/12/20 19:02:36.641] - eth_getTransactionCount
[2024/12/20 19:02:36.646] - eth_getBalance
[2024/12/20 19:02:36.655] - eth_getTransactionCount
[2024/12/20 19:02:36.660] - eth_getBalance
[2024/12/20 19:02:36.667] - eth_getTransactionCount
[2024/12/20 19:02:36.672] - eth_getBalance
[2024/12/20 19:02:36.678] - eth_getTransactionCount
[2024/12/20 19:02:36.684] - eth_getBalance
[2024/12/20 19:02:36.695] - eth_getTransactionCount
[2024/12/20 19:02:36.701] - eth_getBalance
[2024/12/20 19:02:36.707] - eth_getTransactionCount
[2024/12/20 19:02:36.716] - eth_getBalance
[2024/12/20 19:02:36.722] - eth_getTransactionCount
[2024/12/20 19:02:36.730] - eth_getBalance
[2024/12/20 19:02:36.737] - eth_getTransactionCount
[2024/12/20 19:02:36.743] - eth_getBalance
[2024/12/20 19:02:36.749] - eth_getTransactionCount
[2024/12/20 19:02:36.756] - eth_getBalance
[2024/12/20 19:02:36.764] - eth_getTransactionCount
[2024/12/20 19:02:36.940] - eth_getTransactionCount
[2024/12/20 19:02:36.949] - eth_getBalance
[2024/12/20 19:02:36.956] - eth_getTransactionCount
[2024/12/20 19:02:36.962] - eth_getBalance
[2024/12/20 19:02:36.968] - eth_getTransactionCount
[2024/12/20 19:02:36.976] - eth_getBalance
[2024/12/20 19:02:36.982] - eth_getTransactionCount
[2024/12/20 19:02:36.988] - eth_getBalance
[2024/12/20 19:02:36.995] - eth_getTransactionCount
[2024/12/20 19:02:36.999] - eth_getBalance
[2024/12/20 19:02:37.004] - eth_getTransactionCount
[2024/12/20 19:02:37.010] - eth_getBalance
[2024/12/20 19:02:37.016] - eth_getTransactionCount
[2024/12/20 19:02:37.021] - eth_getBalance
[2024/12/20 19:02:37.100] - eth_getTransactionCount
[2024/12/20 19:02:37.101] - eth_getBalance
[2024/12/20 19:02:37.101] - eth_getTransactionCount
[2024/12/20 19:02:37.102] - eth_getBalance
[2024/12/20 19:02:37.103] - eth_getTransactionCount
[2024/12/20 19:13:07.668] - eth_blockNumber
[2024/12/20 19:13:13.886] - eth_blockNumber
[2024/12/20 19:13:13.890] - eth_getBalance
[2024/12/20 19:13:13.893] - eth_getBalance
[2024/12/20 19:13:13.894] - eth_getBalance
[2024/12/20 19:13:13.896] - eth_getBalance
[2024/12/20 19:13:13.898] - eth_getBalance
[2024/12/20 19:13:13.899] - eth_getBalance
[2024/12/20 19:13:13.911] - eth_getLogs
[2024/12/20 19:14:58.756] - eth_blockNumber
[2024/12/20 19:14:58.761] - eth_gasPrice
[2024/12/20 19:14:58.795] - eth_getCode
[2024/12/20 19:14:58.815] - eth_estimateGas
[2024/12/20 19:14:59.123] - eth_call
[2024/12/20 19:14:59.263] - eth_call
[2024/12/20 19:14:59.399] - eth_call
[2024/12/20 19:14:59.417] - eth_call
[2024/12/20 19:15:02.407] - eth_blockNumber
[2024/12/20 19:15:03.100] - eth_getTransactionCount
[2024/12/20 19:15:15.596] - eth_sendRawTransaction
[2024/12/20 19:15:15.822] - 
  Transaction: 0x42b9dad58e1a840afadc9ce9cde5fe172a246279a0c3f33c52843c8e4c69fa4e
  Gas usage: 33261
  Block number: 18
  Block time: Fri Dec 20 2024 19:15:15 GMT+0700 (Western Indonesia Time)

[2024/12/20 19:15:15.868] - eth_getBlockByNumber
[2024/12/20 19:15:15.946] - eth_call
[2024/12/20 19:15:15.951] - eth_getTransactionReceipt
[2024/12/20 19:15:15.969] - eth_blockNumber
[2024/12/20 19:15:15.988] - eth_call
[2024/12/20 19:15:15.992] - eth_getBlockByNumber
[2024/12/20 19:15:15.996] - eth_getTransactionReceipt
[2024/12/20 19:15:15.998] - eth_call
[2024/12/20 19:15:16.031] - eth_getBalance
[2024/12/20 19:15:16.033] - eth_getBalance
[2024/12/20 19:15:16.038] - eth_getLogs
[2024/12/20 19:15:16.043] - eth_getBalance
[2024/12/20 19:15:16.065] - eth_getBalance
[2024/12/20 19:15:16.068] - eth_getBalance
[2024/12/20 19:15:16.077] - eth_getBalance
[2024/12/20 19:15:16.117] - eth_getBlockByHash
[2024/12/20 19:15:16.121] - eth_call
[2024/12/20 19:15:16.128] - eth_call
[2024/12/20 19:15:16.226] - eth_getBalance
[2024/12/20 19:15:16.248] - eth_getTransactionCount
[2024/12/20 19:15:16.335] - eth_getBalance
[2024/12/20 19:15:16.352] - eth_call
[2024/12/20 19:15:16.374] - eth_getTransactionCount
[2024/12/20 19:15:16.375] - eth_getBalance
[2024/12/20 19:15:16.397] - eth_getTransactionCount
[2024/12/20 19:15:16.435] - eth_getBalance
[2024/12/20 19:15:16.435] - eth_getTransactionCount
[2024/12/20 19:15:16.470] - eth_getBalance
[2024/12/20 19:15:16.471] - eth_getTransactionCount
[2024/12/20 19:15:16.472] - eth_getBalance
[2024/12/20 19:15:16.473] - eth_getTransactionCount
[2024/12/20 19:15:16.491] - eth_getBalance
[2024/12/20 19:15:16.500] - eth_getTransactionCount
[2024/12/20 19:15:16.507] - eth_call
[2024/12/20 19:15:16.517] - eth_getBalance
[2024/12/20 19:15:16.530] - eth_getTransactionCount
[2024/12/20 19:15:16.591] - eth_call
[2024/12/20 19:15:16.593] - eth_call
[2024/12/20 19:15:16.663] - eth_getBalance
[2024/12/20 19:15:16.694] - eth_getTransactionCount
[2024/12/20 19:15:16.847] - eth_getBalance
[2024/12/20 19:15:16.872] - eth_getTransactionCount
[2024/12/20 19:16:04.396] - eth_getBlockByNumber
[2024/12/20 19:16:04.490] - eth_getBlockTransactionCountByHash
[2024/12/20 19:16:04.533] - eth_getBlockByNumber
[2024/12/20 19:16:04.607] - eth_getBlockTransactionCountByHash
[2024/12/20 19:16:04.669] - eth_getBlockByNumber
[2024/12/20 19:16:04.721] - eth_getBlockTransactionCountByHash
[2024/12/20 19:16:04.757] - eth_getBlockByNumber
[2024/12/20 19:16:04.806] - eth_getBlockTransactionCountByHash
[2024/12/20 19:16:04.868] - eth_getBlockByNumber
[2024/12/20 19:16:04.888] - eth_getBlockTransactionCountByHash
[2024/12/20 19:16:04.900] - eth_getBlockByNumber
[2024/12/20 19:16:04.916] - eth_getBlockTransactionCountByHash
[2024/12/20 19:16:04.929] - eth_getBlockByNumber
[2024/12/20 19:16:04.945] - eth_getBlockTransactionCountByHash
[2024/12/20 19:16:04.958] - eth_getBlockByNumber
[2024/12/20 19:16:04.977] - eth_getBlockTransactionCountByHash
[2024/12/20 19:16:04.991] - eth_getBlockByNumber
[2024/12/20 19:16:05.007] - eth_getBlockTransactionCountByHash
[2024/12/20 19:16:05.021] - eth_getBlockByNumber
[2024/12/20 19:16:05.042] - eth_getBlockTransactionCountByHash
[2024/12/20 19:16:05.056] - eth_getBlockByNumber
[2024/12/20 19:16:05.072] - eth_getBlockTransactionCountByHash
[2024/12/20 19:16:05.088] - eth_getBlockByNumber
[2024/12/20 19:16:05.136] - eth_getBlockTransactionCountByHash
[2024/12/20 19:16:05.150] - eth_getBlockByNumber
[2024/12/20 19:16:05.163] - eth_getBlockTransactionCountByHash
[2024/12/20 19:16:05.179] - eth_getBlockByNumber
[2024/12/20 19:16:05.195] - eth_getBlockTransactionCountByHash
[2024/12/20 19:16:05.211] - eth_getBlockByNumber
[2024/12/20 19:16:05.225] - eth_getBlockTransactionCountByHash
[2024/12/20 19:16:05.245] - eth_getBlockByNumber
[2024/12/20 19:16:05.259] - eth_getBlockTransactionCountByHash
[2024/12/20 19:16:25.830] - eth_getBlockByNumber
[2024/12/20 19:16:25.873] - eth_getTransactionReceipt
[2024/12/20 19:16:34.535] - eth_getBlockByNumber
[2024/12/20 19:16:34.582] - eth_getBlockTransactionCountByHash
[2024/12/20 19:16:34.603] - eth_getBlockByNumber
[2024/12/20 19:16:34.625] - eth_getBlockTransactionCountByHash
[2024/12/20 19:16:34.643] - eth_getBlockByNumber
[2024/12/20 19:16:34.663] - eth_getBlockTransactionCountByHash
[2024/12/20 19:17:04.114] - eth_getBlockByNumber
[2024/12/20 19:17:04.148] - eth_getTransactionReceipt
[2024/12/20 19:17:15.995] - eth_getBlockByNumber
[2024/12/20 19:17:16.031] - eth_getTransactionReceipt
[2024/12/20 19:17:16.068] - eth_getBlockByNumber
[2024/12/20 19:17:16.101] - eth_getTransactionReceipt
[2024/12/20 19:17:16.133] - eth_getBlockByNumber
[2024/12/20 19:17:16.157] - eth_getTransactionReceipt
[2024/12/20 19:17:16.202] - eth_getBlockByNumber
[2024/12/20 19:17:16.225] - eth_getTransactionReceipt
[2024/12/20 19:17:16.273] - eth_getBlockByNumber
[2024/12/20 19:17:16.309] - eth_getTransactionReceipt
[2024/12/20 19:17:16.332] - eth_getBlockByNumber
[2024/12/20 19:17:16.348] - eth_getTransactionReceipt
[2024/12/20 19:17:16.372] - eth_getBlockByNumber
[2024/12/20 19:17:16.390] - eth_getTransactionReceipt
[2024/12/20 19:17:16.409] - eth_getBlockByNumber
[2024/12/20 19:17:16.429] - eth_getTransactionReceipt
[2024/12/20 19:17:16.451] - eth_getBlockByNumber
[2024/12/20 19:17:16.467] - eth_getTransactionReceipt
[2024/12/20 19:17:44.940] - eth_getBlockByNumber
[2024/12/20 19:17:45.000] - eth_getTransactionReceipt
[2024/12/20 19:17:45.057] - eth_getBlockByNumber
[2024/12/20 19:17:45.112] - eth_getTransactionReceipt
[2024/12/20 19:17:45.152] - eth_getBlockByNumber
[2024/12/20 19:17:45.171] - eth_getTransactionReceipt
[2024/12/20 19:17:45.194] - eth_getBlockByNumber
[2024/12/20 19:17:45.218] - eth_getTransactionReceipt
[2024/12/20 19:17:45.243] - eth_getBlockByNumber
[2024/12/20 19:17:45.267] - eth_getTransactionReceipt
[2024/12/20 19:17:45.294] - eth_getBlockByNumber
[2024/12/20 19:17:45.323] - eth_getTransactionReceipt
[2024/12/20 19:17:45.348] - eth_getBlockByNumber
[2024/12/20 19:17:45.368] - eth_getTransactionReceipt
[2024/12/20 19:17:45.391] - eth_getBlockByNumber
[2024/12/20 19:18:00.866] - eth_getLogs
[2024/12/20 19:18:01.043] - net_version
[2024/12/20 19:18:01.055] - eth_getCode
[2024/12/20 19:18:01.109] - net_version
[2024/12/20 19:18:01.114] - eth_getCode
[2024/12/20 19:18:01.172] - net_version
[2024/12/20 19:18:01.181] - eth_getCode
[2024/12/20 19:18:01.268] - net_version
[2024/12/20 19:18:01.281] - eth_getCode
[2024/12/20 19:18:01.411] - net_version
[2024/12/20 19:18:01.419] - eth_getCode
[2024/12/20 19:18:01.463] - net_version
[2024/12/20 19:18:01.467] - eth_getCode
[2024/12/20 19:18:01.513] - net_version
[2024/12/20 19:18:01.516] - eth_getCode
[2024/12/20 19:18:01.567] - net_version
[2024/12/20 19:18:01.585] - eth_getCode
[2024/12/20 19:18:01.729] - net_version
[2024/12/20 19:18:01.769] - eth_getCode
[2024/12/20 19:18:01.840] - net_version
[2024/12/20 19:18:01.852] - eth_getCode
[2024/12/20 19:18:01.971] - net_version
[2024/12/20 19:18:01.981] - eth_getCode
[2024/12/20 20:43:57.698] - eth_blockNumber
[2024/12/20 20:43:57.780] - net_version
[2024/12/20 20:43:57.788] - eth_accounts
[2024/12/20 20:43:57.920] - eth_accounts
[2024/12/20 20:45:25.120] - eth_blockNumber
[2024/12/20 20:45:25.165] - net_version
[2024/12/20 20:45:25.175] - eth_accounts
[2024/12/20 20:45:25.211] - eth_getBlockByNumber
[2024/12/20 20:45:25.238] - eth_getCode
[2024/12/20 20:45:25.408] - eth_call
[2024/12/20 20:45:43.505] - eth_blockNumber
[2024/12/20 20:45:43.555] - net_version
[2024/12/20 20:45:43.564] - eth_accounts
[2024/12/20 20:45:43.606] - eth_getBlockByNumber
[2024/12/20 20:45:43.634] - eth_getCode
[2024/12/20 20:45:43.756] - eth_call
[2024/12/20 20:46:50.113] - eth_blockNumber
[2024/12/20 20:46:50.207] - net_version
[2024/12/20 20:46:50.224] - eth_accounts
[2024/12/20 20:46:50.306] - eth_getBlockByNumber
[2024/12/20 20:46:50.338] - eth_getCode
[2024/12/20 20:46:50.437] - eth_call
[2024/12/20 20:47:41.952] - eth_blockNumber
[2024/12/20 20:47:42.017] - net_version
[2024/12/20 20:47:42.028] - eth_accounts
[2024/12/20 20:47:42.109] - eth_accounts
